

Started GET "/" for 127.0.0.1 at 2017-01-09 10:45:45 +0700
Processing by Rails::WelcomeController#index as HTML
  Rendered /home/le/.rvm/gems/ruby-2.3.1/gems/railties-4.2.6/lib/rails/templates/rails/welcome/index.html.erb (2.2ms)
Completed 200 OK in 28ms (Views: 28.0ms | ActiveRecord: 0.0ms)
  [1m[36m (140.8ms)[0m  [1mCREATE TABLE "schema_migrations" ("version" varchar NOT NULL) [0m
  [1m[35m (0.2ms)[0m  select sqlite_version(*)
  [1m[36m (166.1ms)[0m  [1mCREATE UNIQUE INDEX "unique_schema_migrations" ON "schema_migrations" ("version")[0m
  [1m[35mActiveRecord::SchemaMigration Load (0.2ms)[0m  SELECT "schema_migrations".* FROM "schema_migrations"
Migrating to CreatePosts (20170109034955)
  [1m[36m (0.1ms)[0m  [1mbegin transaction[0m
  [1m[35m (0.7ms)[0m  CREATE TABLE "posts" ("id" INTEGER PRIMARY KEY AUTOINCREMENT NOT NULL, "title" varchar, "content" varchar, "created_at" datetime NOT NULL, "updated_at" datetime NOT NULL) 
  [1m[36mSQL (0.4ms)[0m  [1mINSERT INTO "schema_migrations" ("version") VALUES (?)[0m  [["version", "20170109034955"]]
  [1m[35m (156.7ms)[0m  commit transaction
  [1m[36mActiveRecord::SchemaMigration Load (0.2ms)[0m  [1mSELECT "schema_migrations".* FROM "schema_migrations"[0m
  [1m[36mActiveRecord::SchemaMigration Load (0.1ms)[0m  [1mSELECT "schema_migrations".* FROM "schema_migrations"[0m
  [1m[35mActiveRecord::SchemaMigration Load (0.1ms)[0m  SELECT "schema_migrations".* FROM "schema_migrations"
Migrating to CreatePosts (20170109034955)
  [1m[36m (0.0ms)[0m  [1mbegin transaction[0m
  [1m[35m (0.3ms)[0m  DROP TABLE "posts"
  [1m[36mSQL (0.3ms)[0m  [1mDELETE FROM "schema_migrations" WHERE "schema_migrations"."version" = ?[0m  [["version", "20170109034955"]]
  [1m[35m (168.7ms)[0m  commit transaction
  [1m[36mActiveRecord::SchemaMigration Load (0.2ms)[0m  [1mSELECT "schema_migrations".* FROM "schema_migrations"[0m
  [1m[36mActiveRecord::SchemaMigration Load (0.1ms)[0m  [1mSELECT "schema_migrations".* FROM "schema_migrations"[0m
Migrating to CreatePosts (20170109035416)
  [1m[35m (0.1ms)[0m  begin transaction
  [1m[36m (0.3ms)[0m  [1mCREATE TABLE "posts" ("id" INTEGER PRIMARY KEY AUTOINCREMENT NOT NULL, "title" varchar, "content" varchar, "created_at" datetime NOT NULL, "updated_at" datetime NOT NULL) [0m
  [1m[35mSQL (0.2ms)[0m  INSERT INTO "schema_migrations" ("version") VALUES (?)  [["version", "20170109035416"]]
  [1m[36m (132.6ms)[0m  [1mcommit transaction[0m
  [1m[35mActiveRecord::SchemaMigration Load (0.1ms)[0m  SELECT "schema_migrations".* FROM "schema_migrations"
  [1m[36m (0.1ms)[0m  [1mbegin transaction[0m
  [1m[35mSQL (0.4ms)[0m  INSERT INTO "posts" ("title", "content", "created_at", "updated_at") VALUES (?, ?, ?, ?)  [["title", "post1"], ["content", "post1"], ["created_at", "2017-01-09 03:57:31.764602"], ["updated_at", "2017-01-09 03:57:31.764602"]]
  [1m[36m (152.5ms)[0m  [1mcommit transaction[0m
  [1m[35m (0.1ms)[0m  begin transaction
  [1m[36mSQL (0.3ms)[0m  [1mINSERT INTO "posts" ("title", "content", "created_at", "updated_at") VALUES (?, ?, ?, ?)[0m  [["title", "post2"], ["content", "post2"], ["created_at", "2017-01-09 03:57:38.750094"], ["updated_at", "2017-01-09 03:57:38.750094"]]
  [1m[35m (139.8ms)[0m  commit transaction
  [1m[36m (0.1ms)[0m  [1mbegin transaction[0m
  [1m[35mSQL (0.3ms)[0m  INSERT INTO "posts" ("title", "content", "created_at", "updated_at") VALUES (?, ?, ?, ?)  [["title", "post3"], ["content", "post3"], ["created_at", "2017-01-09 03:57:46.213859"], ["updated_at", "2017-01-09 03:57:46.213859"]]
  [1m[36m (145.4ms)[0m  [1mcommit transaction[0m


Started GET "/" for 127.0.0.1 at 2017-01-09 11:03:19 +0700
  [1m[36mActiveRecord::SchemaMigration Load (0.3ms)[0m  [1mSELECT "schema_migrations".* FROM "schema_migrations"[0m
Processing by Rails::WelcomeController#index as HTML
  Rendered /home/le/.rvm/gems/ruby-2.3.1/gems/railties-4.2.6/lib/rails/templates/rails/welcome/index.html.erb (0.1ms)
Completed 200 OK in 1ms (Views: 1.2ms | ActiveRecord: 0.0ms)


Started GET "/" for 127.0.0.1 at 2017-01-09 11:05:28 +0700
  [1m[36mActiveRecord::SchemaMigration Load (0.1ms)[0m  [1mSELECT "schema_migrations".* FROM "schema_migrations"[0m
Processing by Rails::WelcomeController#index as HTML
  Rendered /home/le/.rvm/gems/ruby-2.3.1/gems/railties-4.2.6/lib/rails/templates/rails/welcome/index.html.erb (1.1ms)
Completed 200 OK in 8ms (Views: 7.4ms | ActiveRecord: 0.0ms)


Started GET "/post" for 127.0.0.1 at 2017-01-09 11:05:51 +0700

ActionController::RoutingError (uninitialized constant ApplicationConroller):
  app/controllers/post_controller.rb:1:in `<top (required)>'


  Rendered /home/le/.rvm/gems/ruby-2.3.1/gems/actionpack-4.2.6/lib/action_dispatch/middleware/templates/rescues/_trace.html.erb (2.4ms)
  Rendered /home/le/.rvm/gems/ruby-2.3.1/gems/actionpack-4.2.6/lib/action_dispatch/middleware/templates/routes/_route.html.erb (1.4ms)
  Rendered /home/le/.rvm/gems/ruby-2.3.1/gems/actionpack-4.2.6/lib/action_dispatch/middleware/templates/routes/_table.html.erb (5.8ms)
  Rendered /home/le/.rvm/gems/ruby-2.3.1/gems/actionpack-4.2.6/lib/action_dispatch/middleware/templates/rescues/_request_and_response.html.erb (0.9ms)
  Rendered /home/le/.rvm/gems/ruby-2.3.1/gems/actionpack-4.2.6/lib/action_dispatch/middleware/templates/rescues/routing_error.html.erb within rescues/layout (34.3ms)


Started GET "/post" for 127.0.0.1 at 2017-01-09 11:07:32 +0700

ActionController::RoutingError (uninitialized constant ApplicationConroller):
  app/controllers/post_controller.rb:1:in `<top (required)>'


  Rendered /home/le/.rvm/gems/ruby-2.3.1/gems/actionpack-4.2.6/lib/action_dispatch/middleware/templates/rescues/_trace.html.erb (1.6ms)
  Rendered /home/le/.rvm/gems/ruby-2.3.1/gems/actionpack-4.2.6/lib/action_dispatch/middleware/templates/routes/_route.html.erb (0.9ms)
  Rendered /home/le/.rvm/gems/ruby-2.3.1/gems/actionpack-4.2.6/lib/action_dispatch/middleware/templates/routes/_table.html.erb (1.1ms)
  Rendered /home/le/.rvm/gems/ruby-2.3.1/gems/actionpack-4.2.6/lib/action_dispatch/middleware/templates/rescues/_request_and_response.html.erb (0.8ms)
  Rendered /home/le/.rvm/gems/ruby-2.3.1/gems/actionpack-4.2.6/lib/action_dispatch/middleware/templates/rescues/routing_error.html.erb within rescues/layout (16.5ms)


Started GET "/post" for 127.0.0.1 at 2017-01-09 11:07:36 +0700

ActionController::RoutingError (uninitialized constant ApplicationConroller):
  app/controllers/post_controller.rb:1:in `<top (required)>'


  Rendered /home/le/.rvm/gems/ruby-2.3.1/gems/actionpack-4.2.6/lib/action_dispatch/middleware/templates/rescues/_trace.html.erb (1.7ms)
  Rendered /home/le/.rvm/gems/ruby-2.3.1/gems/actionpack-4.2.6/lib/action_dispatch/middleware/templates/routes/_route.html.erb (0.9ms)
  Rendered /home/le/.rvm/gems/ruby-2.3.1/gems/actionpack-4.2.6/lib/action_dispatch/middleware/templates/routes/_table.html.erb (1.2ms)
  Rendered /home/le/.rvm/gems/ruby-2.3.1/gems/actionpack-4.2.6/lib/action_dispatch/middleware/templates/rescues/_request_and_response.html.erb (0.9ms)
  Rendered /home/le/.rvm/gems/ruby-2.3.1/gems/actionpack-4.2.6/lib/action_dispatch/middleware/templates/rescues/routing_error.html.erb within rescues/layout (17.3ms)


Started GET "/post" for 127.0.0.1 at 2017-01-09 11:08:58 +0700

ActionController::RoutingError (uninitialized constant ApplicationConroller):
  app/controllers/post_controller.rb:1:in `<top (required)>'


  Rendered /home/le/.rvm/gems/ruby-2.3.1/gems/actionpack-4.2.6/lib/action_dispatch/middleware/templates/rescues/_trace.html.erb (2.2ms)
  Rendered /home/le/.rvm/gems/ruby-2.3.1/gems/actionpack-4.2.6/lib/action_dispatch/middleware/templates/routes/_route.html.erb (1.2ms)
  Rendered /home/le/.rvm/gems/ruby-2.3.1/gems/actionpack-4.2.6/lib/action_dispatch/middleware/templates/routes/_table.html.erb (1.3ms)
  Rendered /home/le/.rvm/gems/ruby-2.3.1/gems/actionpack-4.2.6/lib/action_dispatch/middleware/templates/rescues/_request_and_response.html.erb (1.0ms)
  Rendered /home/le/.rvm/gems/ruby-2.3.1/gems/actionpack-4.2.6/lib/action_dispatch/middleware/templates/rescues/routing_error.html.erb within rescues/layout (21.9ms)


Started GET "/post" for 127.0.0.1 at 2017-01-09 11:09:25 +0700

ActionController::RoutingError (uninitialized constant ApplicationConroller):
  app/controllers/post_controller.rb:1:in `<top (required)>'


  Rendered /home/le/.rvm/gems/ruby-2.3.1/gems/actionpack-4.2.6/lib/action_dispatch/middleware/templates/rescues/_trace.html.erb (1.8ms)
  Rendered /home/le/.rvm/gems/ruby-2.3.1/gems/actionpack-4.2.6/lib/action_dispatch/middleware/templates/routes/_route.html.erb (1.0ms)
  Rendered /home/le/.rvm/gems/ruby-2.3.1/gems/actionpack-4.2.6/lib/action_dispatch/middleware/templates/routes/_table.html.erb (1.2ms)
  Rendered /home/le/.rvm/gems/ruby-2.3.1/gems/actionpack-4.2.6/lib/action_dispatch/middleware/templates/rescues/_request_and_response.html.erb (1.0ms)
  Rendered /home/le/.rvm/gems/ruby-2.3.1/gems/actionpack-4.2.6/lib/action_dispatch/middleware/templates/rescues/routing_error.html.erb within rescues/layout (18.0ms)


Started GET "/post" for 127.0.0.1 at 2017-01-09 11:10:12 +0700
Processing by PostController#index as */*
Completed 500 Internal Server Error in 4ms (ActiveRecord: 0.0ms)

NoMethodError (undefined method `pry' for #<Binding:0x00000004de0720>
Did you mean?  try):
  app/controllers/post_controller.rb:4:in `index'


  Rendered /home/le/.rvm/gems/ruby-2.3.1/gems/actionpack-4.2.6/lib/action_dispatch/middleware/templates/rescues/_source.erb (5.0ms)
  Rendered /home/le/.rvm/gems/ruby-2.3.1/gems/actionpack-4.2.6/lib/action_dispatch/middleware/templates/rescues/_trace.html.erb (2.0ms)
  Rendered /home/le/.rvm/gems/ruby-2.3.1/gems/actionpack-4.2.6/lib/action_dispatch/middleware/templates/rescues/_request_and_response.html.erb (0.9ms)
  Rendered /home/le/.rvm/gems/ruby-2.3.1/gems/actionpack-4.2.6/lib/action_dispatch/middleware/templates/rescues/diagnostics.html.erb within rescues/layout (17.2ms)


Started GET "/post" for 127.0.0.1 at 2017-01-09 11:10:24 +0700
  [1m[36mActiveRecord::SchemaMigration Load (0.1ms)[0m  [1mSELECT "schema_migrations".* FROM "schema_migrations"[0m
Processing by PostController#index as */*
  [1m[35mPost Load (0.2ms)[0m  SELECT "posts".* FROM "posts"
Completed 500 Internal Server Error in 20265ms (Views: 1.4ms | ActiveRecord: 0.5ms)

AbstractController::DoubleRenderError (Render and/or redirect were called multiple times in this action. Please note that you may only call render OR redirect, and at most once per action. Also note that neither redirect nor render terminate execution of the action, so if you want to exit an action after redirecting, you need to do something like "redirect_to(...) and return".):
  app/controllers/post_controller.rb:5:in `index'


  Rendered /home/le/.rvm/gems/ruby-2.3.1/gems/actionpack-4.2.6/lib/action_dispatch/middleware/templates/rescues/_source.erb (6.0ms)
  Rendered /home/le/.rvm/gems/ruby-2.3.1/gems/actionpack-4.2.6/lib/action_dispatch/middleware/templates/rescues/_trace.html.erb (2.6ms)
  Rendered /home/le/.rvm/gems/ruby-2.3.1/gems/actionpack-4.2.6/lib/action_dispatch/middleware/templates/rescues/_request_and_response.html.erb (1.0ms)
  Rendered /home/le/.rvm/gems/ruby-2.3.1/gems/actionpack-4.2.6/lib/action_dispatch/middleware/templates/rescues/diagnostics.html.erb within rescues/layout (22.5ms)


Started GET "/post" for 127.0.0.1 at 2017-01-09 11:11:02 +0700
Processing by PostController#index as */*
  [1m[36mPost Load (0.3ms)[0m  [1mSELECT "posts".* FROM "posts"[0m
Completed 500 Internal Server Error in 40691ms (Views: 0.9ms | ActiveRecord: 0.3ms)

AbstractController::DoubleRenderError (Render and/or redirect were called multiple times in this action. Please note that you may only call render OR redirect, and at most once per action. Also note that neither redirect nor render terminate execution of the action, so if you want to exit an action after redirecting, you need to do something like "redirect_to(...) and return".):
  app/controllers/post_controller.rb:5:in `index'


  Rendered /home/le/.rvm/gems/ruby-2.3.1/gems/actionpack-4.2.6/lib/action_dispatch/middleware/templates/rescues/_source.erb (6.4ms)
  Rendered /home/le/.rvm/gems/ruby-2.3.1/gems/actionpack-4.2.6/lib/action_dispatch/middleware/templates/rescues/_trace.html.erb (2.7ms)
  Rendered /home/le/.rvm/gems/ruby-2.3.1/gems/actionpack-4.2.6/lib/action_dispatch/middleware/templates/rescues/_request_and_response.html.erb (1.1ms)
  Rendered /home/le/.rvm/gems/ruby-2.3.1/gems/actionpack-4.2.6/lib/action_dispatch/middleware/templates/rescues/diagnostics.html.erb within rescues/layout (22.5ms)


Started GET "/post" for 127.0.0.1 at 2017-01-09 11:11:45 +0700

ActionController::RoutingError (uninitialized constant ApplicationController::API):
  app/controllers/post_controller.rb:1:in `<top (required)>'


  Rendered /home/le/.rvm/gems/ruby-2.3.1/gems/actionpack-4.2.6/lib/action_dispatch/middleware/templates/rescues/_trace.html.erb (1.7ms)
  Rendered /home/le/.rvm/gems/ruby-2.3.1/gems/actionpack-4.2.6/lib/action_dispatch/middleware/templates/routes/_route.html.erb (1.1ms)
  Rendered /home/le/.rvm/gems/ruby-2.3.1/gems/actionpack-4.2.6/lib/action_dispatch/middleware/templates/routes/_table.html.erb (5.7ms)
  Rendered /home/le/.rvm/gems/ruby-2.3.1/gems/actionpack-4.2.6/lib/action_dispatch/middleware/templates/rescues/_request_and_response.html.erb (1.0ms)
  Rendered /home/le/.rvm/gems/ruby-2.3.1/gems/actionpack-4.2.6/lib/action_dispatch/middleware/templates/rescues/routing_error.html.erb within rescues/layout (23.3ms)


Started GET "/post" for 127.0.0.1 at 2017-01-09 11:11:47 +0700

ActionController::RoutingError (uninitialized constant ApplicationController::API):
  app/controllers/post_controller.rb:1:in `<top (required)>'


  Rendered /home/le/.rvm/gems/ruby-2.3.1/gems/actionpack-4.2.6/lib/action_dispatch/middleware/templates/rescues/_trace.html.erb (2.4ms)
  Rendered /home/le/.rvm/gems/ruby-2.3.1/gems/actionpack-4.2.6/lib/action_dispatch/middleware/templates/routes/_route.html.erb (2.2ms)
  Rendered /home/le/.rvm/gems/ruby-2.3.1/gems/actionpack-4.2.6/lib/action_dispatch/middleware/templates/routes/_table.html.erb (1.6ms)
  Rendered /home/le/.rvm/gems/ruby-2.3.1/gems/actionpack-4.2.6/lib/action_dispatch/middleware/templates/rescues/_request_and_response.html.erb (1.5ms)
  Rendered /home/le/.rvm/gems/ruby-2.3.1/gems/actionpack-4.2.6/lib/action_dispatch/middleware/templates/rescues/routing_error.html.erb within rescues/layout (23.2ms)


Started GET "/post" for 127.0.0.1 at 2017-01-09 11:11:47 +0700

ActionController::RoutingError (uninitialized constant ApplicationController::API):
  app/controllers/post_controller.rb:1:in `<top (required)>'


  Rendered /home/le/.rvm/gems/ruby-2.3.1/gems/actionpack-4.2.6/lib/action_dispatch/middleware/templates/rescues/_trace.html.erb (2.9ms)
  Rendered /home/le/.rvm/gems/ruby-2.3.1/gems/actionpack-4.2.6/lib/action_dispatch/middleware/templates/routes/_route.html.erb (1.4ms)
  Rendered /home/le/.rvm/gems/ruby-2.3.1/gems/actionpack-4.2.6/lib/action_dispatch/middleware/templates/routes/_table.html.erb (1.5ms)
  Rendered /home/le/.rvm/gems/ruby-2.3.1/gems/actionpack-4.2.6/lib/action_dispatch/middleware/templates/rescues/_request_and_response.html.erb (1.3ms)
  Rendered /home/le/.rvm/gems/ruby-2.3.1/gems/actionpack-4.2.6/lib/action_dispatch/middleware/templates/rescues/routing_error.html.erb within rescues/layout (21.8ms)


Started GET "/post" for 127.0.0.1 at 2017-01-09 11:13:03 +0700
Processing by PostController#index as */*
  [1m[35mPost Load (0.5ms)[0m  SELECT "posts".* FROM "posts"
Completed 500 Internal Server Error in 20894ms (Views: 1.0ms | ActiveRecord: 1.2ms)

AbstractController::DoubleRenderError (Render and/or redirect were called multiple times in this action. Please note that you may only call render OR redirect, and at most once per action. Also note that neither redirect nor render terminate execution of the action, so if you want to exit an action after redirecting, you need to do something like "redirect_to(...) and return".):
  app/controllers/post_controller.rb:5:in `index'


  Rendered /home/le/.rvm/gems/ruby-2.3.1/gems/actionpack-4.2.6/lib/action_dispatch/middleware/templates/rescues/_source.erb (6.3ms)
  Rendered /home/le/.rvm/gems/ruby-2.3.1/gems/actionpack-4.2.6/lib/action_dispatch/middleware/templates/rescues/_trace.html.erb (2.6ms)
  Rendered /home/le/.rvm/gems/ruby-2.3.1/gems/actionpack-4.2.6/lib/action_dispatch/middleware/templates/rescues/_request_and_response.html.erb (1.4ms)
  Rendered /home/le/.rvm/gems/ruby-2.3.1/gems/actionpack-4.2.6/lib/action_dispatch/middleware/templates/rescues/diagnostics.html.erb within rescues/layout (22.2ms)


Started GET "/post" for 127.0.0.1 at 2017-01-09 11:15:09 +0700
Processing by PostController#index as */*
  [1m[36mPost Load (0.6ms)[0m  [1mSELECT "posts".* FROM "posts"[0m
Completed 200 OK in 1606ms (Views: 9.0ms | ActiveRecord: 1.2ms)


Started GET "/post" for 127.0.0.1 at 2017-01-09 11:17:35 +0700
Processing by PostController#index as HTML
  [1m[35mPost Load (0.3ms)[0m  SELECT "posts".* FROM "posts"
Completed 200 OK in 3353ms (Views: 1.8ms | ActiveRecord: 0.3ms)


Started POST "/post" for 127.0.0.1 at 2017-01-09 11:19:13 +0700
Processing by PostController#create as */*
Completed 200 OK in 0ms (ActiveRecord: 0.0ms)


Started POST "/post" for 127.0.0.1 at 2017-01-09 11:19:49 +0700
Processing by PostController#create as */*
  Parameters: {"title"=>"Hello", "content"=>"Hello word"}
Completed 200 OK in 164505ms (ActiveRecord: 0.0ms)


Started POST "/post" for 127.0.0.1 at 2017-01-09 11:22:36 +0700
Processing by PostController#create as */*
  Parameters: {"title"=>"Hello", "content"=>"Hello word", "hacker"=>"Hacker"}
Unpermitted parameter: hacker
Unpermitted parameter: hacker
Completed 200 OK in 138722ms (ActiveRecord: 0.9ms)


Started POST "/post" for 127.0.0.1 at 2017-01-09 11:24:57 +0700
Processing by PostController#create as */*
  Parameters: {"title"=>"Hello", "content"=>"Hello word", "hacker"=>"Hacker"}
Unpermitted parameter: hacker
  [1m[36m (0.1ms)[0m  [1mbegin transaction[0m
  [1m[35mSQL (0.5ms)[0m  INSERT INTO "posts" ("title", "content", "created_at", "updated_at") VALUES (?, ?, ?, ?)  [["title", "Hello"], ["content", "Hello word"], ["created_at", "2017-01-09 04:24:59.635949"], ["updated_at", "2017-01-09 04:24:59.635949"]]
  [1m[36m (135.4ms)[0m  [1mcommit transaction[0m
Completed 201 Created in 2231ms (Views: 0.5ms | ActiveRecord: 136.8ms)


Started POST "/post/1" for 127.0.0.1 at 2017-01-09 11:26:28 +0700

ActionController::RoutingError (No route matches [POST] "/post/1"):
  actionpack (4.2.6) lib/action_dispatch/middleware/debug_exceptions.rb:21:in `call'
  actionpack (4.2.6) lib/action_dispatch/middleware/show_exceptions.rb:30:in `call'
  railties (4.2.6) lib/rails/rack/logger.rb:38:in `call_app'
  railties (4.2.6) lib/rails/rack/logger.rb:20:in `block in call'
  activesupport (4.2.6) lib/active_support/tagged_logging.rb:68:in `block in tagged'
  activesupport (4.2.6) lib/active_support/tagged_logging.rb:26:in `tagged'
  activesupport (4.2.6) lib/active_support/tagged_logging.rb:68:in `tagged'
  railties (4.2.6) lib/rails/rack/logger.rb:20:in `call'
  actionpack (4.2.6) lib/action_dispatch/middleware/request_id.rb:21:in `call'
  rack (1.6.5) lib/rack/runtime.rb:18:in `call'
  activesupport (4.2.6) lib/active_support/cache/strategy/local_cache_middleware.rb:28:in `call'
  rack (1.6.5) lib/rack/lock.rb:17:in `call'
  actionpack (4.2.6) lib/action_dispatch/middleware/static.rb:120:in `call'
  railties (4.2.6) lib/rails/engine.rb:518:in `call'
  railties (4.2.6) lib/rails/application.rb:165:in `call'
  rack (1.6.5) lib/rack/lock.rb:17:in `call'
  rack (1.6.5) lib/rack/content_length.rb:15:in `call'
  rack (1.6.5) lib/rack/handler/webrick.rb:88:in `service'
  /home/le/.rvm/rubies/ruby-2.3.1/lib/ruby/2.3.0/webrick/httpserver.rb:140:in `service'
  /home/le/.rvm/rubies/ruby-2.3.1/lib/ruby/2.3.0/webrick/httpserver.rb:96:in `run'
  /home/le/.rvm/rubies/ruby-2.3.1/lib/ruby/2.3.0/webrick/server.rb:296:in `block in start_thread'


  Rendered /home/le/.rvm/gems/ruby-2.3.1/gems/actionpack-4.2.6/lib/action_dispatch/middleware/templates/rescues/_trace.html.erb (1.8ms)
  Rendered /home/le/.rvm/gems/ruby-2.3.1/gems/actionpack-4.2.6/lib/action_dispatch/middleware/templates/routes/_route.html.erb (2.3ms)
  Rendered /home/le/.rvm/gems/ruby-2.3.1/gems/actionpack-4.2.6/lib/action_dispatch/middleware/templates/routes/_table.html.erb (1.8ms)
  Rendered /home/le/.rvm/gems/ruby-2.3.1/gems/actionpack-4.2.6/lib/action_dispatch/middleware/templates/rescues/_request_and_response.html.erb (1.5ms)
  Rendered /home/le/.rvm/gems/ruby-2.3.1/gems/actionpack-4.2.6/lib/action_dispatch/middleware/templates/rescues/routing_error.html.erb within rescues/layout (26.3ms)


Started POST "/post/id=1" for 127.0.0.1 at 2017-01-09 11:26:47 +0700

ActionController::RoutingError (No route matches [POST] "/post/id=1"):
  actionpack (4.2.6) lib/action_dispatch/middleware/debug_exceptions.rb:21:in `call'
  actionpack (4.2.6) lib/action_dispatch/middleware/show_exceptions.rb:30:in `call'
  railties (4.2.6) lib/rails/rack/logger.rb:38:in `call_app'
  railties (4.2.6) lib/rails/rack/logger.rb:20:in `block in call'
  activesupport (4.2.6) lib/active_support/tagged_logging.rb:68:in `block in tagged'
  activesupport (4.2.6) lib/active_support/tagged_logging.rb:26:in `tagged'
  activesupport (4.2.6) lib/active_support/tagged_logging.rb:68:in `tagged'
  railties (4.2.6) lib/rails/rack/logger.rb:20:in `call'
  actionpack (4.2.6) lib/action_dispatch/middleware/request_id.rb:21:in `call'
  rack (1.6.5) lib/rack/runtime.rb:18:in `call'
  activesupport (4.2.6) lib/active_support/cache/strategy/local_cache_middleware.rb:28:in `call'
  rack (1.6.5) lib/rack/lock.rb:17:in `call'
  actionpack (4.2.6) lib/action_dispatch/middleware/static.rb:120:in `call'
  railties (4.2.6) lib/rails/engine.rb:518:in `call'
  railties (4.2.6) lib/rails/application.rb:165:in `call'
  rack (1.6.5) lib/rack/lock.rb:17:in `call'
  rack (1.6.5) lib/rack/content_length.rb:15:in `call'
  rack (1.6.5) lib/rack/handler/webrick.rb:88:in `service'
  /home/le/.rvm/rubies/ruby-2.3.1/lib/ruby/2.3.0/webrick/httpserver.rb:140:in `service'
  /home/le/.rvm/rubies/ruby-2.3.1/lib/ruby/2.3.0/webrick/httpserver.rb:96:in `run'
  /home/le/.rvm/rubies/ruby-2.3.1/lib/ruby/2.3.0/webrick/server.rb:296:in `block in start_thread'


  Rendered /home/le/.rvm/gems/ruby-2.3.1/gems/actionpack-4.2.6/lib/action_dispatch/middleware/templates/rescues/_trace.html.erb (2.0ms)
  Rendered /home/le/.rvm/gems/ruby-2.3.1/gems/actionpack-4.2.6/lib/action_dispatch/middleware/templates/routes/_route.html.erb (1.1ms)
  Rendered /home/le/.rvm/gems/ruby-2.3.1/gems/actionpack-4.2.6/lib/action_dispatch/middleware/templates/routes/_table.html.erb (1.2ms)
  Rendered /home/le/.rvm/gems/ruby-2.3.1/gems/actionpack-4.2.6/lib/action_dispatch/middleware/templates/rescues/_request_and_response.html.erb (1.2ms)
  Rendered /home/le/.rvm/gems/ruby-2.3.1/gems/actionpack-4.2.6/lib/action_dispatch/middleware/templates/rescues/routing_error.html.erb within rescues/layout (19.6ms)


Started GET "/post/1" for 127.0.0.1 at 2017-01-09 11:28:13 +0700
Processing by PostController#show as */*
  Parameters: {"id"=>"1"}
  [1m[35mPost Load (0.3ms)[0m  SELECT  "posts".* FROM "posts" WHERE "posts"."id" = ? LIMIT 1  [["id", 1]]
Completed 200 OK in 3928ms (Views: 0.9ms | ActiveRecord: 1.2ms)


Started PUT "/post/1" for 127.0.0.1 at 2017-01-09 11:29:32 +0700
Processing by PostController#update as */*
  Parameters: {"id"=>"1"}
Completed 200 OK in 19214ms (ActiveRecord: 0.0ms)


Started PUT "/post/1" for 127.0.0.1 at 2017-01-09 11:29:53 +0700
Processing by PostController#update as */*
  Parameters: {"title"=>"Hello", "content"=>"Hello word", "id"=>"1"}
Completed 200 OK in 102257ms (ActiveRecord: 0.0ms)


Started PUT "/post/1" for 127.0.0.1 at 2017-01-09 11:31:40 +0700
Processing by PostController#update as */*
  Parameters: {"title"=>"Hello 1", "content"=>"Hello word", "id"=>"1"}
  [1m[36mPost Load (0.2ms)[0m  [1mSELECT  "posts".* FROM "posts" WHERE "posts"."id" = ? LIMIT 1[0m  [["id", 1]]
Unpermitted parameter: id
  [1m[35m (0.1ms)[0m  begin transaction
  [1m[36mSQL (0.4ms)[0m  [1mUPDATE "posts" SET "title" = ?, "content" = ?, "updated_at" = ? WHERE "posts"."id" = ?[0m  [["title", "Hello 1"], ["content", "Hello word"], ["updated_at", "2017-01-09 04:31:43.038482"], ["id", 1]]
  [1m[35m (139.0ms)[0m  commit transaction
Completed 200 OK in 2249ms (Views: 0.6ms | ActiveRecord: 140.5ms)


Started DELETE "/post/1" for 127.0.0.1 at 2017-01-09 11:32:33 +0700
Processing by PostController#destroy as */*
  Parameters: {"title"=>"Hello 1", "content"=>"Hello word", "id"=>"1"}
Completed 200 OK in 163270ms (ActiveRecord: 0.0ms)


Started DELETE "/post/1" for 127.0.0.1 at 2017-01-09 11:35:20 +0700
Processing by PostController#destroy as */*
  Parameters: {"title"=>"Hello 1", "content"=>"Hello word", "id"=>"1"}
  [1m[36mPost Load (0.3ms)[0m  [1mSELECT  "posts".* FROM "posts" WHERE "posts"."id" = ? LIMIT 1[0m  [["id", 1]]
  [1m[35m (0.1ms)[0m  begin transaction
  [1m[36mSQL (0.3ms)[0m  [1mDELETE FROM "posts" WHERE "posts"."id" = ?[0m  [["id", 1]]
  [1m[35m (125.1ms)[0m  commit transaction
Completed 200 OK in 2374ms (Views: 1.1ms | ActiveRecord: 126.7ms)


Started POST "/post" for 127.0.0.1 at 2017-01-09 11:40:25 +0700
Processing by PostController#create as */*
  Parameters: {"title"=>"Hello 1", "content"=>"Hello word"}
  [1m[36m (0.1ms)[0m  [1mbegin transaction[0m
  [1m[35mSQL (0.3ms)[0m  INSERT INTO "posts" ("title", "content", "created_at", "updated_at") VALUES (?, ?, ?, ?)  [["title", "Hello 1"], ["content", "Hello word"], ["created_at", "2017-01-09 04:40:25.061024"], ["updated_at", "2017-01-09 04:40:25.061024"]]
  [1m[36m (234.9ms)[0m  [1mcommit transaction[0m
Completed 201 Created in 244ms (Views: 0.4ms | ActiveRecord: 235.8ms)


Started POST "/post" for 127.0.0.1 at 2017-01-09 11:40:28 +0700
Processing by PostController#create as */*
  Parameters: {"title"=>"Hello 12", "content"=>"Hello word"}
  [1m[35m (0.1ms)[0m  begin transaction
  [1m[36mSQL (0.3ms)[0m  [1mINSERT INTO "posts" ("title", "content", "created_at", "updated_at") VALUES (?, ?, ?, ?)[0m  [["title", "Hello 12"], ["content", "Hello word"], ["created_at", "2017-01-09 04:40:28.092249"], ["updated_at", "2017-01-09 04:40:28.092249"]]
  [1m[35m (184.0ms)[0m  commit transaction
Completed 201 Created in 188ms (Views: 0.5ms | ActiveRecord: 184.4ms)


Started POST "/post" for 127.0.0.1 at 2017-01-09 11:40:30 +0700
Processing by PostController#create as */*
  Parameters: {"title"=>"Hello 13", "content"=>"Hello word"}
  [1m[36m (0.1ms)[0m  [1mbegin transaction[0m
  [1m[35mSQL (0.2ms)[0m  INSERT INTO "posts" ("title", "content", "created_at", "updated_at") VALUES (?, ?, ?, ?)  [["title", "Hello 13"], ["content", "Hello word"], ["created_at", "2017-01-09 04:40:30.765981"], ["updated_at", "2017-01-09 04:40:30.765981"]]
  [1m[36m (180.9ms)[0m  [1mcommit transaction[0m
Completed 201 Created in 184ms (Views: 0.6ms | ActiveRecord: 181.2ms)


Started GET "/post" for 127.0.0.1 at 2017-01-09 11:40:40 +0700
Processing by PostController#index as */*
  [1m[35mPost Load (0.4ms)[0m  SELECT "posts".* FROM "posts"
Completed 200 OK in 4ms (Views: 3.0ms | ActiveRecord: 0.4ms)


Started GET "/post" for 127.0.0.1 at 2017-01-09 11:43:27 +0700
  [1m[36mActiveRecord::SchemaMigration Load (0.1ms)[0m  [1mSELECT "schema_migrations".* FROM "schema_migrations"[0m
Processing by PostController#index as */*
  [1m[35mPost Load (0.2ms)[0m  SELECT "posts".* FROM "posts"
No serializer found for resource: #<Post id: 2, title: "post2", content: "post2", created_at: "2017-01-09 03:57:38", updated_at: "2017-01-09 03:57:38">
[active_model_serializers] Rendered ActiveModel::Serializer::CollectionSerializer with Post::ActiveRecord_Relation (1.58ms)
Completed 200 OK in 18ms (Views: 15.2ms | ActiveRecord: 0.4ms)


Started GET "/post" for 127.0.0.1 at 2017-01-09 11:46:00 +0700
Processing by PostController#index as */*
  [1m[36mPost Load (0.3ms)[0m  [1mSELECT "posts".* FROM "posts"[0m
No serializer found for resource: #<Post id: 2, title: "post2", content: "post2", created_at: "2017-01-09 03:57:38", updated_at: "2017-01-09 03:57:38">
[active_model_serializers] Rendered ActiveModel::Serializer::CollectionSerializer with Post::ActiveRecord_Relation (1.92ms)
Completed 200 OK in 4ms (Views: 3.6ms | ActiveRecord: 0.3ms)


Started GET "/post" for 127.0.0.1 at 2017-01-09 11:46:18 +0700
  [1m[36mActiveRecord::SchemaMigration Load (0.1ms)[0m  [1mSELECT "schema_migrations".* FROM "schema_migrations"[0m
Processing by PostController#index as */*
  [1m[35mPost Load (0.2ms)[0m  SELECT "posts".* FROM "posts"
[active_model_serializers] Rendered ActiveModel::Serializer::CollectionSerializer with ActiveModelSerializers::Adapter::Attributes (0.46ms)
Completed 200 OK in 15ms (Views: 12.7ms | ActiveRecord: 0.5ms)


Started GET "/post" for 127.0.0.1 at 2017-01-09 11:46:52 +0700
Processing by PostController#index as */*
  [1m[36mPost Load (0.5ms)[0m  [1mSELECT "posts".* FROM "posts"[0m
[active_model_serializers] Rendered ActiveModel::Serializer::CollectionSerializer with ActiveModelSerializers::Adapter::Attributes (0.63ms)
Completed 200 OK in 11ms (Views: 8.4ms | ActiveRecord: 1.2ms)


Started GET "/post" for 127.0.0.1 at 2017-01-09 11:47:12 +0700
Processing by PostController#index as */*
  [1m[35mPost Load (0.4ms)[0m  SELECT "posts".* FROM "posts"
[active_model_serializers] Rendered ActiveModel::Serializer::CollectionSerializer with ActiveModelSerializers::Adapter::Attributes (0.74ms)
Completed 200 OK in 10ms (Views: 7.3ms | ActiveRecord: 0.8ms)


Started GET "/" for 127.0.0.1 at 2017-01-09 13:36:27 +0700
Processing by Rails::WelcomeController#index as HTML
  Rendered /home/le/.rvm/gems/ruby-2.3.1/gems/railties-4.2.6/lib/rails/templates/rails/welcome/index.html.erb (1.5ms)
Completed 200 OK in 9ms (Views: 9.2ms | ActiveRecord: 0.0ms)


Started GET "/post" for 127.0.0.1 at 2017-01-09 13:36:33 +0700
Processing by PostController#index as HTML
  [1m[36mPost Load (0.4ms)[0m  [1mSELECT "posts".* FROM "posts"[0m
[active_model_serializers] Rendered ActiveModel::Serializer::CollectionSerializer with ActiveModelSerializers::Adapter::Attributes (1.43ms)
Completed 200 OK in 7ms (Views: 6.6ms | ActiveRecord: 0.4ms)


Started GET "/post/1" for 127.0.0.1 at 2017-01-09 13:36:44 +0700
Processing by PostController#show as */*
  Parameters: {"id"=>"1"}
  [1m[35mPost Load (0.2ms)[0m  SELECT  "posts".* FROM "posts" WHERE "posts"."id" = ? LIMIT 1  [["id", 1]]
Completed 404 Not Found in 9ms (ActiveRecord: 0.2ms)

ActiveRecord::RecordNotFound (Couldn't find Post with 'id'=1):
  app/controllers/post_controller.rb:59:in `set_post'


  Rendered /home/le/.rvm/gems/ruby-2.3.1/gems/actionpack-4.2.6/lib/action_dispatch/middleware/templates/rescues/_source.erb (4.2ms)
  Rendered /home/le/.rvm/gems/ruby-2.3.1/gems/actionpack-4.2.6/lib/action_dispatch/middleware/templates/rescues/_trace.html.erb (3.5ms)
  Rendered /home/le/.rvm/gems/ruby-2.3.1/gems/actionpack-4.2.6/lib/action_dispatch/middleware/templates/rescues/_request_and_response.html.erb (1.4ms)
  Rendered /home/le/.rvm/gems/ruby-2.3.1/gems/actionpack-4.2.6/lib/action_dispatch/middleware/templates/rescues/diagnostics.html.erb within rescues/layout (18.3ms)


Started GET "/post/1" for 127.0.0.1 at 2017-01-09 13:36:46 +0700
Processing by PostController#show as */*
  Parameters: {"id"=>"1"}
  [1m[36mPost Load (0.1ms)[0m  [1mSELECT  "posts".* FROM "posts" WHERE "posts"."id" = ? LIMIT 1[0m  [["id", 1]]
Completed 404 Not Found in 1ms (ActiveRecord: 0.1ms)

ActiveRecord::RecordNotFound (Couldn't find Post with 'id'=1):
  app/controllers/post_controller.rb:59:in `set_post'


  Rendered /home/le/.rvm/gems/ruby-2.3.1/gems/actionpack-4.2.6/lib/action_dispatch/middleware/templates/rescues/_source.erb (5.7ms)
  Rendered /home/le/.rvm/gems/ruby-2.3.1/gems/actionpack-4.2.6/lib/action_dispatch/middleware/templates/rescues/_trace.html.erb (2.7ms)
  Rendered /home/le/.rvm/gems/ruby-2.3.1/gems/actionpack-4.2.6/lib/action_dispatch/middleware/templates/rescues/_request_and_response.html.erb (1.2ms)
  Rendered /home/le/.rvm/gems/ruby-2.3.1/gems/actionpack-4.2.6/lib/action_dispatch/middleware/templates/rescues/diagnostics.html.erb within rescues/layout (18.3ms)


Started POST "/post/1" for 127.0.0.1 at 2017-01-09 13:36:55 +0700

ActionController::RoutingError (No route matches [POST] "/post/1"):
  actionpack (4.2.6) lib/action_dispatch/middleware/debug_exceptions.rb:21:in `call'
  actionpack (4.2.6) lib/action_dispatch/middleware/show_exceptions.rb:30:in `call'
  railties (4.2.6) lib/rails/rack/logger.rb:38:in `call_app'
  railties (4.2.6) lib/rails/rack/logger.rb:20:in `block in call'
  activesupport (4.2.6) lib/active_support/tagged_logging.rb:68:in `block in tagged'
  activesupport (4.2.6) lib/active_support/tagged_logging.rb:26:in `tagged'
  activesupport (4.2.6) lib/active_support/tagged_logging.rb:68:in `tagged'
  railties (4.2.6) lib/rails/rack/logger.rb:20:in `call'
  actionpack (4.2.6) lib/action_dispatch/middleware/request_id.rb:21:in `call'
  rack (1.6.5) lib/rack/runtime.rb:18:in `call'
  activesupport (4.2.6) lib/active_support/cache/strategy/local_cache_middleware.rb:28:in `call'
  rack (1.6.5) lib/rack/lock.rb:17:in `call'
  actionpack (4.2.6) lib/action_dispatch/middleware/static.rb:120:in `call'
  railties (4.2.6) lib/rails/engine.rb:518:in `call'
  railties (4.2.6) lib/rails/application.rb:165:in `call'
  rack (1.6.5) lib/rack/lock.rb:17:in `call'
  rack (1.6.5) lib/rack/content_length.rb:15:in `call'
  rack (1.6.5) lib/rack/handler/webrick.rb:88:in `service'
  /home/le/.rvm/rubies/ruby-2.3.1/lib/ruby/2.3.0/webrick/httpserver.rb:140:in `service'
  /home/le/.rvm/rubies/ruby-2.3.1/lib/ruby/2.3.0/webrick/httpserver.rb:96:in `run'
  /home/le/.rvm/rubies/ruby-2.3.1/lib/ruby/2.3.0/webrick/server.rb:296:in `block in start_thread'


  Rendered /home/le/.rvm/gems/ruby-2.3.1/gems/actionpack-4.2.6/lib/action_dispatch/middleware/templates/rescues/_trace.html.erb (2.0ms)
  Rendered /home/le/.rvm/gems/ruby-2.3.1/gems/actionpack-4.2.6/lib/action_dispatch/middleware/templates/routes/_route.html.erb (1.2ms)
  Rendered /home/le/.rvm/gems/ruby-2.3.1/gems/actionpack-4.2.6/lib/action_dispatch/middleware/templates/routes/_table.html.erb (6.7ms)
  Rendered /home/le/.rvm/gems/ruby-2.3.1/gems/actionpack-4.2.6/lib/action_dispatch/middleware/templates/rescues/_request_and_response.html.erb (2.6ms)
  Rendered /home/le/.rvm/gems/ruby-2.3.1/gems/actionpack-4.2.6/lib/action_dispatch/middleware/templates/rescues/routing_error.html.erb within rescues/layout (34.8ms)


Started GET "/post/1" for 127.0.0.1 at 2017-01-09 13:36:59 +0700
Processing by PostController#show as */*
  Parameters: {"id"=>"1"}
  [1m[35mPost Load (0.2ms)[0m  SELECT  "posts".* FROM "posts" WHERE "posts"."id" = ? LIMIT 1  [["id", 1]]
Completed 404 Not Found in 1ms (ActiveRecord: 0.2ms)

ActiveRecord::RecordNotFound (Couldn't find Post with 'id'=1):
  app/controllers/post_controller.rb:59:in `set_post'


  Rendered /home/le/.rvm/gems/ruby-2.3.1/gems/actionpack-4.2.6/lib/action_dispatch/middleware/templates/rescues/_source.erb (5.3ms)
  Rendered /home/le/.rvm/gems/ruby-2.3.1/gems/actionpack-4.2.6/lib/action_dispatch/middleware/templates/rescues/_trace.html.erb (2.2ms)
  Rendered /home/le/.rvm/gems/ruby-2.3.1/gems/actionpack-4.2.6/lib/action_dispatch/middleware/templates/rescues/_request_and_response.html.erb (0.9ms)
  Rendered /home/le/.rvm/gems/ruby-2.3.1/gems/actionpack-4.2.6/lib/action_dispatch/middleware/templates/rescues/diagnostics.html.erb within rescues/layout (18.8ms)


Started GET "/post/2" for 127.0.0.1 at 2017-01-09 13:37:19 +0700
Processing by PostController#show as */*
  Parameters: {"id"=>"2"}
  [1m[36mPost Load (0.1ms)[0m  [1mSELECT  "posts".* FROM "posts" WHERE "posts"."id" = ? LIMIT 1[0m  [["id", 2]]
[active_model_serializers] Rendered PostSerializer with ActiveModelSerializers::Adapter::Attributes (0.22ms)
Completed 200 OK in 1ms (Views: 0.7ms | ActiveRecord: 0.1ms)
  [1m[36mActiveRecord::SchemaMigration Load (0.1ms)[0m  [1mSELECT "schema_migrations".* FROM "schema_migrations"[0m
Migrating to CreateUsers (20170111040201)
  [1m[35m (0.1ms)[0m  begin transaction
  [1m[36m (0.3ms)[0m  [1mCREATE TABLE "users" ("id" INTEGER PRIMARY KEY AUTOINCREMENT NOT NULL, "email" varchar, "password" varchar, "confirm_token" varchar, "confirm_at" datetime, "confirm_send_at" datetime, "created_at" datetime NOT NULL, "updated_at" datetime NOT NULL) [0m
  [1m[35mSQL (0.1ms)[0m  INSERT INTO "schema_migrations" ("version") VALUES (?)  [["version", "20170111040201"]]
  [1m[36m (122.1ms)[0m  [1mcommit transaction[0m
  [1m[35mActiveRecord::SchemaMigration Load (0.2ms)[0m  SELECT "schema_migrations".* FROM "schema_migrations"
  [1m[36m (0.1ms)[0m  [1mbegin transaction[0m
  [1m[35mSQL (0.4ms)[0m  INSERT INTO "users" ("email", "password", "confirm_token", "created_at", "updated_at") VALUES (?, ?, ?, ?, ?)  [["email", "camtien12itbkdn@gmail.com"], ["password", "123456"], ["confirm_token", "1234"], ["created_at", "2017-01-11 04:04:21.328568"], ["updated_at", "2017-01-11 04:04:21.328568"]]
  [1m[36m (142.6ms)[0m  [1mcommit transaction[0m


Started GET "/user" for 127.0.0.1 at 2017-01-11 11:11:10 +0700
  [1m[36mActiveRecord::SchemaMigration Load (0.1ms)[0m  [1mSELECT "schema_migrations".* FROM "schema_migrations"[0m
Processing by UserController#index as */*
Completed 200 OK in 0ms (ActiveRecord: 0.0ms)


Started GET "/user/new" for 127.0.0.1 at 2017-01-11 11:11:15 +0700
Processing by UserController#new as */*
Completed 200 OK in 0ms (ActiveRecord: 0.0ms)


Started POST "/user/new" for 127.0.0.1 at 2017-01-11 11:11:23 +0700

ActionController::RoutingError (No route matches [POST] "/user/new"):
  actionpack (4.2.6) lib/action_dispatch/middleware/debug_exceptions.rb:21:in `call'
  actionpack (4.2.6) lib/action_dispatch/middleware/show_exceptions.rb:30:in `call'
  railties (4.2.6) lib/rails/rack/logger.rb:38:in `call_app'
  railties (4.2.6) lib/rails/rack/logger.rb:20:in `block in call'
  activesupport (4.2.6) lib/active_support/tagged_logging.rb:68:in `block in tagged'
  activesupport (4.2.6) lib/active_support/tagged_logging.rb:26:in `tagged'
  activesupport (4.2.6) lib/active_support/tagged_logging.rb:68:in `tagged'
  railties (4.2.6) lib/rails/rack/logger.rb:20:in `call'
  actionpack (4.2.6) lib/action_dispatch/middleware/request_id.rb:21:in `call'
  rack (1.6.5) lib/rack/runtime.rb:18:in `call'
  activesupport (4.2.6) lib/active_support/cache/strategy/local_cache_middleware.rb:28:in `call'
  rack (1.6.5) lib/rack/lock.rb:17:in `call'
  actionpack (4.2.6) lib/action_dispatch/middleware/static.rb:120:in `call'
  railties (4.2.6) lib/rails/engine.rb:518:in `call'
  railties (4.2.6) lib/rails/application.rb:165:in `call'
  rack (1.6.5) lib/rack/lock.rb:17:in `call'
  rack (1.6.5) lib/rack/content_length.rb:15:in `call'
  rack (1.6.5) lib/rack/handler/webrick.rb:88:in `service'
  /home/le/.rvm/rubies/ruby-2.3.1/lib/ruby/2.3.0/webrick/httpserver.rb:140:in `service'
  /home/le/.rvm/rubies/ruby-2.3.1/lib/ruby/2.3.0/webrick/httpserver.rb:96:in `run'
  /home/le/.rvm/rubies/ruby-2.3.1/lib/ruby/2.3.0/webrick/server.rb:296:in `block in start_thread'


  Rendered /home/le/.rvm/gems/ruby-2.3.1/gems/actionpack-4.2.6/lib/action_dispatch/middleware/templates/rescues/_trace.html.erb (1.4ms)
  Rendered /home/le/.rvm/gems/ruby-2.3.1/gems/actionpack-4.2.6/lib/action_dispatch/middleware/templates/routes/_route.html.erb (1.5ms)
  Rendered /home/le/.rvm/gems/ruby-2.3.1/gems/actionpack-4.2.6/lib/action_dispatch/middleware/templates/routes/_table.html.erb (5.4ms)
  Rendered /home/le/.rvm/gems/ruby-2.3.1/gems/actionpack-4.2.6/lib/action_dispatch/middleware/templates/rescues/_request_and_response.html.erb (8.8ms)
  Rendered /home/le/.rvm/gems/ruby-2.3.1/gems/actionpack-4.2.6/lib/action_dispatch/middleware/templates/rescues/routing_error.html.erb within rescues/layout (36.7ms)


Started POST "/user/new" for 127.0.0.1 at 2017-01-11 11:12:06 +0700

ActionController::RoutingError (No route matches [POST] "/user/new"):
  actionpack (4.2.6) lib/action_dispatch/middleware/debug_exceptions.rb:21:in `call'
  actionpack (4.2.6) lib/action_dispatch/middleware/show_exceptions.rb:30:in `call'
  railties (4.2.6) lib/rails/rack/logger.rb:38:in `call_app'
  railties (4.2.6) lib/rails/rack/logger.rb:20:in `block in call'
  activesupport (4.2.6) lib/active_support/tagged_logging.rb:68:in `block in tagged'
  activesupport (4.2.6) lib/active_support/tagged_logging.rb:26:in `tagged'
  activesupport (4.2.6) lib/active_support/tagged_logging.rb:68:in `tagged'
  railties (4.2.6) lib/rails/rack/logger.rb:20:in `call'
  actionpack (4.2.6) lib/action_dispatch/middleware/request_id.rb:21:in `call'
  rack (1.6.5) lib/rack/runtime.rb:18:in `call'
  activesupport (4.2.6) lib/active_support/cache/strategy/local_cache_middleware.rb:28:in `call'
  rack (1.6.5) lib/rack/lock.rb:17:in `call'
  actionpack (4.2.6) lib/action_dispatch/middleware/static.rb:120:in `call'
  railties (4.2.6) lib/rails/engine.rb:518:in `call'
  railties (4.2.6) lib/rails/application.rb:165:in `call'
  rack (1.6.5) lib/rack/lock.rb:17:in `call'
  rack (1.6.5) lib/rack/content_length.rb:15:in `call'
  rack (1.6.5) lib/rack/handler/webrick.rb:88:in `service'
  /home/le/.rvm/rubies/ruby-2.3.1/lib/ruby/2.3.0/webrick/httpserver.rb:140:in `service'
  /home/le/.rvm/rubies/ruby-2.3.1/lib/ruby/2.3.0/webrick/httpserver.rb:96:in `run'
  /home/le/.rvm/rubies/ruby-2.3.1/lib/ruby/2.3.0/webrick/server.rb:296:in `block in start_thread'


  Rendered /home/le/.rvm/gems/ruby-2.3.1/gems/actionpack-4.2.6/lib/action_dispatch/middleware/templates/rescues/_trace.html.erb (1.6ms)
  Rendered /home/le/.rvm/gems/ruby-2.3.1/gems/actionpack-4.2.6/lib/action_dispatch/middleware/templates/routes/_route.html.erb (1.7ms)
  Rendered /home/le/.rvm/gems/ruby-2.3.1/gems/actionpack-4.2.6/lib/action_dispatch/middleware/templates/routes/_table.html.erb (1.3ms)
  Rendered /home/le/.rvm/gems/ruby-2.3.1/gems/actionpack-4.2.6/lib/action_dispatch/middleware/templates/rescues/_request_and_response.html.erb (1.9ms)
  Rendered /home/le/.rvm/gems/ruby-2.3.1/gems/actionpack-4.2.6/lib/action_dispatch/middleware/templates/rescues/routing_error.html.erb within rescues/layout (24.2ms)


Started POST "/user" for 127.0.0.1 at 2017-01-11 11:12:20 +0700
Processing by UserController#create as */*
  Parameters: {"email"=>"Hello 13", "password"=>"[FILTERED]"}
Completed 200 OK in 82663ms (ActiveRecord: 0.8ms)


Started POST "/user" for 127.0.0.1 at 2017-01-11 11:13:58 +0700
Processing by UserController#create as */*
  Parameters: {"email"=>"tien@gmail.com", "password"=>"[FILTERED]"}
  [1m[35m (0.1ms)[0m  begin transaction
  [1m[36mSQL (0.5ms)[0m  [1mINSERT INTO "users" ("email", "password", "created_at", "updated_at") VALUES (?, ?, ?, ?)[0m  [["email", "tien@gmail.com"], ["password", "123456"], ["created_at", "2017-01-11 04:14:01.211473"], ["updated_at", "2017-01-11 04:14:01.211473"]]
  [1m[35m (161.6ms)[0m  commit transaction
[active_model_serializers] Rendered ActiveModel::Serializer::Null with User (0.94ms)
Completed 201 Created in 3013ms (Views: 19.1ms | ActiveRecord: 163.3ms)


Started POST "/register" for 127.0.0.1 at 2017-01-11 11:21:26 +0700
Processing by RegisterController#create as */*
  Parameters: {"email"=>"tien@gmail.com", "password"=>"[FILTERED]"}
Completed 500 Internal Server Error in 2676ms (ActiveRecord: 0.0ms)

NameError (undefined local variable or method `user_params' for #<RegisterController:0x00000002743a18>
Did you mean?  user_path):
  app/controllers/register_controller.rb:7:in `create'


  Rendered /home/le/.rvm/gems/ruby-2.3.1/gems/actionpack-4.2.6/lib/action_dispatch/middleware/templates/rescues/_source.erb (5.1ms)
  Rendered /home/le/.rvm/gems/ruby-2.3.1/gems/actionpack-4.2.6/lib/action_dispatch/middleware/templates/rescues/_trace.html.erb (2.2ms)
  Rendered /home/le/.rvm/gems/ruby-2.3.1/gems/actionpack-4.2.6/lib/action_dispatch/middleware/templates/rescues/_request_and_response.html.erb (0.9ms)
  Rendered /home/le/.rvm/gems/ruby-2.3.1/gems/actionpack-4.2.6/lib/action_dispatch/middleware/templates/rescues/diagnostics.html.erb within rescues/layout (19.8ms)


Started POST "/register" for 127.0.0.1 at 2017-01-11 11:21:47 +0700
Processing by RegisterController#create as */*
  Parameters: {"email"=>"tien@gmail.com", "password"=>"[FILTERED]"}
Completed 500 Internal Server Error in 152643ms (ActiveRecord: 0.0ms)

NameError (undefined local variable or method `user_params' for #<RegisterController:0x00000003a6a808>
Did you mean?  user_path):
  app/controllers/register_controller.rb:7:in `create'


  Rendered /home/le/.rvm/gems/ruby-2.3.1/gems/actionpack-4.2.6/lib/action_dispatch/middleware/templates/rescues/_source.erb (4.2ms)
  Rendered /home/le/.rvm/gems/ruby-2.3.1/gems/actionpack-4.2.6/lib/action_dispatch/middleware/templates/rescues/_trace.html.erb (1.9ms)
  Rendered /home/le/.rvm/gems/ruby-2.3.1/gems/actionpack-4.2.6/lib/action_dispatch/middleware/templates/rescues/_request_and_response.html.erb (0.9ms)
  Rendered /home/le/.rvm/gems/ruby-2.3.1/gems/actionpack-4.2.6/lib/action_dispatch/middleware/templates/rescues/diagnostics.html.erb within rescues/layout (17.8ms)


Started POST "/register" for 127.0.0.1 at 2017-01-11 11:24:23 +0700
Processing by RegisterController#create as */*
  Parameters: {"email"=>"tien@gmail.com", "password"=>"[FILTERED]"}
  [1m[36m (0.1ms)[0m  [1mbegin transaction[0m
  [1m[35mSQL (0.5ms)[0m  INSERT INTO "users" ("email", "password", "created_at", "updated_at") VALUES (?, ?, ?, ?)  [["email", "tien@gmail.com"], ["password", "123456"], ["created_at", "2017-01-11 04:24:24.553835"], ["updated_at", "2017-01-11 04:24:24.553835"]]
  [1m[36m (119.5ms)[0m  [1mcommit transaction[0m
[active_model_serializers] Rendered ActiveModel::Serializer::Null with User (0.26ms)
Completed 201 Created in 1626ms (Views: 3.2ms | ActiveRecord: 121.1ms)


Started POST "/register" for 127.0.0.1 at 2017-01-11 11:34:58 +0700
  [1m[36mActiveRecord::SchemaMigration Load (0.1ms)[0m  [1mSELECT "schema_migrations".* FROM "schema_migrations"[0m
Processing by RegisterController#create as */*
  Parameters: {"email"=>"tien2@gmail.com", "password"=>"[FILTERED]"}
Completed 500 Internal Server Error in 2385ms (ActiveRecord: 0.8ms)

NoMethodError (undefined method `password_digest=' for #<User:0x00000004ca33d0>
Did you mean?  password=):
  app/controllers/register_controller.rb:7:in `create'


  Rendered /home/le/.rvm/gems/ruby-2.3.1/gems/actionpack-4.2.6/lib/action_dispatch/middleware/templates/rescues/_source.erb (4.3ms)
  Rendered /home/le/.rvm/gems/ruby-2.3.1/gems/actionpack-4.2.6/lib/action_dispatch/middleware/templates/rescues/_trace.html.erb (2.0ms)
  Rendered /home/le/.rvm/gems/ruby-2.3.1/gems/actionpack-4.2.6/lib/action_dispatch/middleware/templates/rescues/_request_and_response.html.erb (0.9ms)
  Rendered /home/le/.rvm/gems/ruby-2.3.1/gems/actionpack-4.2.6/lib/action_dispatch/middleware/templates/rescues/diagnostics.html.erb within rescues/layout (16.4ms)
  [1m[36mActiveRecord::SchemaMigration Load (0.1ms)[0m  [1mSELECT "schema_migrations".* FROM "schema_migrations"[0m
Migrating to AddColumnToUser (20170111044105)
  [1m[35m (0.1ms)[0m  begin transaction
  [1m[36m (0.3ms)[0m  [1mALTER TABLE "users" ADD "password_digest" varchar[0m
  [1m[35mSQL (0.1ms)[0m  INSERT INTO "schema_migrations" ("version") VALUES (?)  [["version", "20170111044105"]]
  [1m[36m (140.5ms)[0m  [1mcommit transaction[0m
  [1m[35mActiveRecord::SchemaMigration Load (0.2ms)[0m  SELECT "schema_migrations".* FROM "schema_migrations"


Started POST "/register" for 127.0.0.1 at 2017-01-11 11:43:15 +0700
  [1m[35mActiveRecord::SchemaMigration Load (0.1ms)[0m  SELECT "schema_migrations".* FROM "schema_migrations"
Processing by RegisterController#create as */*
  Parameters: {"email"=>"tien2@gmail.com", "password"=>"[FILTERED]"}
  [1m[36m (0.1ms)[0m  [1mbegin transaction[0m
  [1m[35mSQL (0.3ms)[0m  INSERT INTO "users" ("email", "password_digest", "created_at", "updated_at") VALUES (?, ?, ?, ?)  [["email", "tien2@gmail.com"], ["password_digest", "$2a$10$hyU/zuEPRDlzINgcI0V9auoMy3gBnYj7f2uGotAoaI5tLUSs7ldQq"], ["created_at", "2017-01-11 04:43:19.423133"], ["updated_at", "2017-01-11 04:43:19.423133"]]
  [1m[36m (146.8ms)[0m  [1mcommit transaction[0m
[active_model_serializers] Rendered ActiveModel::Serializer::Null with User (0.57ms)
Completed 201 Created in 4366ms (Views: 8.4ms | ActiveRecord: 148.0ms)


Started POST "/register" for 127.0.0.1 at 2017-01-11 13:39:37 +0700
Processing by RegisterController#create as */*
  Parameters: {"email"=>"tien3@gmail.com", "password"=>"[FILTERED]"}
Completed 500 Internal Server Error in 2190ms (ActiveRecord: 1.0ms)

ArgumentError (wrong number of arguments (given 1, expected 0)):
  app/models/user.rb:8:in `password='
  app/controllers/register_controller.rb:7:in `create'


  Rendered /home/le/.rvm/gems/ruby-2.3.1/gems/actionpack-4.2.6/lib/action_dispatch/middleware/templates/rescues/_source.erb (6.3ms)
  Rendered /home/le/.rvm/gems/ruby-2.3.1/gems/actionpack-4.2.6/lib/action_dispatch/middleware/templates/rescues/_trace.html.erb (2.8ms)
  Rendered /home/le/.rvm/gems/ruby-2.3.1/gems/actionpack-4.2.6/lib/action_dispatch/middleware/templates/rescues/_request_and_response.html.erb (1.1ms)
  Rendered /home/le/.rvm/gems/ruby-2.3.1/gems/actionpack-4.2.6/lib/action_dispatch/middleware/templates/rescues/diagnostics.html.erb within rescues/layout (21.9ms)


Started POST "/register" for 127.0.0.1 at 2017-01-11 13:41:50 +0700
Processing by RegisterController#create as */*
  Parameters: {"email"=>"tien3@gmail.com", "password"=>"[FILTERED]"}
Completed 500 Internal Server Error in 2657769ms (ActiveRecord: 0.0ms)

ArgumentError (wrong number of arguments (given 1, expected 0)):
  app/models/user.rb:8:in `password='
  app/controllers/register_controller.rb:7:in `create'


  Rendered /home/le/.rvm/gems/ruby-2.3.1/gems/actionpack-4.2.6/lib/action_dispatch/middleware/templates/rescues/_source.erb (6.3ms)
  Rendered /home/le/.rvm/gems/ruby-2.3.1/gems/actionpack-4.2.6/lib/action_dispatch/middleware/templates/rescues/_trace.html.erb (2.8ms)
  Rendered /home/le/.rvm/gems/ruby-2.3.1/gems/actionpack-4.2.6/lib/action_dispatch/middleware/templates/rescues/_request_and_response.html.erb (1.1ms)
  Rendered /home/le/.rvm/gems/ruby-2.3.1/gems/actionpack-4.2.6/lib/action_dispatch/middleware/templates/rescues/diagnostics.html.erb within rescues/layout (22.3ms)


Started POST "/register" for 127.0.0.1 at 2017-01-11 14:26:23 +0700
Processing by RegisterController#create as */*
  Parameters: {"email"=>"tien3@gmail.com", "password"=>"[FILTERED]"}
  [1m[35m (0.1ms)[0m  begin transaction
  [1m[36mSQL (0.3ms)[0m  [1mINSERT INTO "users" ("email", "password_digest", "created_at", "updated_at") VALUES (?, ?, ?, ?)[0m  [["email", "tien3@gmail.com"], ["password_digest", "$2a$10$lpRwryifNDRbM8bqm97v5OaWrWA7eIiXSnmVDCzUpwadrUh5ykmfS"], ["created_at", "2017-01-11 07:26:30.897816"], ["updated_at", "2017-01-11 07:26:30.897816"]]
  [1m[35m (137.0ms)[0m  commit transaction
[active_model_serializers] Rendered ActiveModel::Serializer::Null with User (0.44ms)
Completed 201 Created in 7196ms (Views: 6.9ms | ActiveRecord: 138.4ms)


Started POST "/register" for 127.0.0.1 at 2017-01-11 14:26:31 +0700
Processing by RegisterController#create as */*
  Parameters: {"email"=>"tien3@gmail.com", "password"=>"[FILTERED]"}
  [1m[36m (0.1ms)[0m  [1mbegin transaction[0m
  [1m[35mSQL (0.2ms)[0m  INSERT INTO "users" ("email", "password_digest", "created_at", "updated_at") VALUES (?, ?, ?, ?)  [["email", "tien3@gmail.com"], ["password_digest", "$2a$10$L3RoMrqMfKvLdp3wJDjHn.Jkit3iqe14/1NNk9C5z5E0hQ0fHfqCS"], ["created_at", "2017-01-11 07:26:32.607571"], ["updated_at", "2017-01-11 07:26:32.607571"]]
  [1m[36m (131.6ms)[0m  [1mcommit transaction[0m
[active_model_serializers] Rendered ActiveModel::Serializer::Null with User (0.4ms)
Completed 201 Created in 1692ms (Views: 0.9ms | ActiveRecord: 131.9ms)


Started GET "/post" for 127.0.0.1 at 2017-01-11 14:31:36 +0700
Processing by PostController#index as */*
  [1m[35mPost Load (0.2ms)[0m  SELECT "posts".* FROM "posts"
[active_model_serializers] Rendered ActiveModel::Serializer::CollectionSerializer with ActiveModelSerializers::Adapter::Attributes (0.87ms)
Completed 200 OK in 249ms (Views: 244.8ms | ActiveRecord: 0.3ms)


Started POST "/post" for 127.0.0.1 at 2017-01-11 14:33:42 +0700
Processing by PostController#create as */*
  Parameters: {"email"=>"tien3@gmail.com", "password"=>"[FILTERED]"}
Unpermitted parameters: email, password
  [1m[36m (0.1ms)[0m  [1mbegin transaction[0m
  [1m[35mSQL (0.3ms)[0m  INSERT INTO "posts" ("created_at", "updated_at") VALUES (?, ?)  [["created_at", "2017-01-11 07:33:42.975309"], ["updated_at", "2017-01-11 07:33:42.975309"]]
  [1m[36m (231.2ms)[0m  [1mcommit transaction[0m
[active_model_serializers] Rendered PostSerializer with ActiveModelSerializers::Adapter::Attributes (0.22ms)
Completed 201 Created in 236ms (Views: 0.9ms | ActiveRecord: 231.7ms)


Started POST "/register" for 127.0.0.1 at 2017-01-11 14:40:25 +0700
Processing by RegisterController#create as */*
  Parameters: {"email"=>"tien3@gmail.com", "password"=>"[FILTERED]"}
  [1m[35m (0.1ms)[0m  begin transaction
  [1m[36mSQL (0.2ms)[0m  [1mINSERT INTO "users" ("email", "created_at", "updated_at") VALUES (?, ?, ?)[0m  [["email", "tien3@gmail.com"], ["created_at", "2017-01-11 07:44:09.180454"], ["updated_at", "2017-01-11 07:44:09.180454"]]
  [1m[35m (129.2ms)[0m  commit transaction
  [1m[36m (0.1ms)[0m  [1mbegin transaction[0m
  [1m[35mSQL (0.2ms)[0m  INSERT INTO "users" ("email", "created_at", "updated_at") VALUES (?, ?, ?)  [["email", "tien3@gmail.com"], ["created_at", "2017-01-11 07:47:03.395576"], ["updated_at", "2017-01-11 07:47:03.395576"]]
  [1m[36m (150.6ms)[0m  [1mcommit transaction[0m
[active_model_serializers] Rendered ActiveModel::Serializer::Null with User (0.57ms)
Completed 201 Created in 398244ms (Views: 5.3ms | ActiveRecord: 281.2ms)


Started POST "/register" for 127.0.0.1 at 2017-01-11 14:47:11 +0700
Processing by RegisterController#create as */*
  Parameters: {"email"=>"tien3@gmail.com", "password"=>"[FILTERED]"}
Completed   in 49304ms (ActiveRecord: 1.0ms)


Started POST "/register" for 127.0.0.1 at 2017-01-11 14:48:10 +0700
  [1m[36mActiveRecord::SchemaMigration Load (0.1ms)[0m  [1mSELECT "schema_migrations".* FROM "schema_migrations"[0m
Processing by RegisterController#create as */*
  Parameters: {"email"=>"tien3@gmail.com", "password"=>"[FILTERED]"}
Completed   in 33226ms (ActiveRecord: 0.6ms)


Started POST "/register" for 127.0.0.1 at 2017-01-11 14:48:49 +0700
  [1m[36mActiveRecord::SchemaMigration Load (0.1ms)[0m  [1mSELECT "schema_migrations".* FROM "schema_migrations"[0m
Processing by RegisterController#create as */*
  Parameters: {"email"=>"tien3@gmail.com", "password"=>"[FILTERED]"}
Completed   in 29166ms (ActiveRecord: 0.6ms)


Started POST "/register" for 127.0.0.1 at 2017-01-11 14:51:34 +0700
  [1m[36mActiveRecord::SchemaMigration Load (0.1ms)[0m  [1mSELECT "schema_migrations".* FROM "schema_migrations"[0m
Processing by RegisterController#create as */*
  Parameters: {"email"=>"tien3@gmail.com", "password"=>"[FILTERED]"}
  [1m[35m (0.1ms)[0m  begin transaction
  [1m[36mSQL (0.3ms)[0m  [1mINSERT INTO "users" ("email", "password", "created_at", "updated_at") VALUES (?, ?, ?, ?)[0m  [["email", "tien3@gmail.com"], ["password", "$2a$10$o9xggeoOx6RtjC4e7Gs5QeGMCJQEJJlFmTlcxzxkpnPFY1MFOkL8u"], ["created_at", "2017-01-11 07:51:52.148574"], ["updated_at", "2017-01-11 07:51:52.148574"]]
  [1m[35m (148.0ms)[0m  commit transaction
  [1m[36m (0.1ms)[0m  [1mbegin transaction[0m
  [1m[35mSQL (0.2ms)[0m  INSERT INTO "users" ("email", "password", "created_at", "updated_at") VALUES (?, ?, ?, ?)  [["email", "tien3@gmail.com"], ["password", "$2a$10$E1XzS1jpJUCFjvJxDiOh9O1v2F62GUoA6IxuywJ778zoq3zV1JE/6"], ["created_at", "2017-01-11 08:02:26.555605"], ["updated_at", "2017-01-11 08:02:26.555605"]]
  [1m[36m (182.3ms)[0m  [1mcommit transaction[0m
[active_model_serializers] Rendered ActiveModel::Serializer::Null with User (0.45ms)
Completed 201 Created in 651742ms (Views: 6.0ms | ActiveRecord: 331.8ms)
